

Started GET "/assets/rails.png" for 127.0.0.1 at 2012-02-01 11:20:42 +0100
Served asset /rails.png - 200 OK (6ms)


Started GET "/assets/rails.png" for 127.0.0.1 at 2012-02-01 11:20:50 +0100
Served asset /rails.png - 304 Not Modified (0ms)


Started GET "/greetings/hello" for 127.0.0.1 at 2012-02-01 11:21:01 +0100
Processing by GreetingsController#hello as HTML
  Rendered greetings/hello.html.erb within layouts/application (31.7ms)
Compiled greetings.css  (67ms)  (pid 56359)
Compiled application.css  (109ms)  (pid 56359)
Compiled jquery.js  (3ms)  (pid 56359)
Compiled jquery_ujs.js  (0ms)  (pid 56359)
Compiled greetings.js  (351ms)  (pid 56359)
Compiled application.js  (479ms)  (pid 56359)
Completed 200 OK in 948ms (Views: 947.4ms | ActiveRecord: 0.0ms)


Started GET "/assets/application.css?body=1" for 127.0.0.1 at 2012-02-01 11:21:02 +0100
Served asset /application.css - 200 OK (5ms)


Started GET "/assets/greetings.css?body=1" for 127.0.0.1 at 2012-02-01 11:21:02 +0100
Served asset /greetings.css - 200 OK (5ms)


Started GET "/assets/jquery.js?body=1" for 127.0.0.1 at 2012-02-01 11:21:02 +0100
Served asset /jquery.js - 200 OK (4ms)


Started GET "/assets/jquery_ujs.js?body=1" for 127.0.0.1 at 2012-02-01 11:21:02 +0100
Served asset /jquery_ujs.js - 200 OK (2ms)


Started GET "/assets/greetings.js?body=1" for 127.0.0.1 at 2012-02-01 11:21:02 +0100
Served asset /greetings.js - 200 OK (2ms)


Started GET "/assets/application.js?body=1" for 127.0.0.1 at 2012-02-01 11:21:02 +0100
Served asset /application.js - 200 OK (9ms)


Started GET "/greetings/hello" for 127.0.0.1 at 2012-02-01 11:22:36 +0100
Processing by GreetingsController#hello as HTML
Completed 500 Internal Server Error in 0ms

LocalJumpError (no block given (yield)):
  app/controllers/greetings_controller.rb:3:in `hello'


  Rendered /Users/florianpetit/.rvm/gems/ruby-1.9.2-p290/gems/actionpack-3.2.1/lib/action_dispatch/middleware/templates/rescues/_trace.erb (2.3ms)
  Rendered /Users/florianpetit/.rvm/gems/ruby-1.9.2-p290/gems/actionpack-3.2.1/lib/action_dispatch/middleware/templates/rescues/_request_and_response.erb (1.0ms)
  Rendered /Users/florianpetit/.rvm/gems/ruby-1.9.2-p290/gems/actionpack-3.2.1/lib/action_dispatch/middleware/templates/rescues/diagnostics.erb within rescues/layout (18.3ms)


Started GET "/greetings/hello" for 127.0.0.1 at 2012-02-01 11:27:20 +0100
Processing by GreetingsController#hello as HTML
  Parameters: {"name"=>"hello"}
  Rendered greetings/hello.html.erb within layouts/application (0.6ms)
Completed 200 OK in 60ms (Views: 59.2ms | ActiveRecord: 0.0ms)


Started GET "/assets/application.css?body=1" for 127.0.0.1 at 2012-02-01 11:27:20 +0100
Served asset /application.css - 304 Not Modified (4ms)


Started GET "/assets/greetings.css?body=1" for 127.0.0.1 at 2012-02-01 11:27:20 +0100
Served asset /greetings.css - 304 Not Modified (2ms)


Started GET "/assets/jquery.js?body=1" for 127.0.0.1 at 2012-02-01 11:27:20 +0100
Served asset /jquery.js - 304 Not Modified (40ms)


Started GET "/assets/application.js?body=1" for 127.0.0.1 at 2012-02-01 11:27:20 +0100
Served asset /application.js - 304 Not Modified (8ms)


Started GET "/assets/jquery_ujs.js?body=1" for 127.0.0.1 at 2012-02-01 11:27:20 +0100
Served asset /jquery_ujs.js - 304 Not Modified (3ms)


Started GET "/assets/greetings.js?body=1" for 127.0.0.1 at 2012-02-01 11:27:20 +0100
Served asset /greetings.js - 304 Not Modified (2ms)


Started GET "/assets/rails.png" for 127.0.0.1 at 2012-02-01 11:31:08 +0100
Served asset /rails.png - 304 Not Modified (2ms)
